0 info it worked if it ends with ok
1 verbose cli [ '/usr/local/bin/node',
1 verbose cli   '/usr/local/bin/npm',
1 verbose cli   'install',
1 verbose cli   'https://git-wip-us.apache.org/repos/asf/cordova-plugin-inappbrowser.git',
1 verbose cli   '--production',
1 verbose cli   '--save' ]
2 info using npm@3.10.10
3 info using node@v6.10.3
4 silly loadCurrentTree Starting
5 silly install loadCurrentTree
6 silly install readLocalPackageData
7 silly fetchPackageMetaData https://git-wip-us.apache.org/repos/asf/cordova-plugin-inappbrowser.git
8 silly fetchOtherPackageData https://git-wip-us.apache.org/repos/asf/cordova-plugin-inappbrowser.git
9 silly cache add args [ 'https://git-wip-us.apache.org/repos/asf/cordova-plugin-inappbrowser.git',
9 silly cache add   null ]
10 verbose cache add spec https://git-wip-us.apache.org/repos/asf/cordova-plugin-inappbrowser.git
11 silly cache add parsed spec Result {
11 silly cache add   raw: 'https://git-wip-us.apache.org/repos/asf/cordova-plugin-inappbrowser.git',
11 silly cache add   scope: null,
11 silly cache add   escapedName: null,
11 silly cache add   name: null,
11 silly cache add   rawSpec: 'https://git-wip-us.apache.org/repos/asf/cordova-plugin-inappbrowser.git',
11 silly cache add   spec: 'https://git-wip-us.apache.org/repos/asf/cordova-plugin-inappbrowser.git',
11 silly cache add   type: 'remote' }
12 silly mapToRegistry name https://git-wip-us.apache.org/repos/asf/cordova-plugin-inappbrowser.git
13 silly mapToRegistry using default registry
14 silly mapToRegistry registry https://registry.npmjs.org/
15 silly mapToRegistry data Result {
15 silly mapToRegistry   raw: 'https://git-wip-us.apache.org/repos/asf/cordova-plugin-inappbrowser.git',
15 silly mapToRegistry   scope: null,
15 silly mapToRegistry   escapedName: null,
15 silly mapToRegistry   name: null,
15 silly mapToRegistry   rawSpec: 'https://git-wip-us.apache.org/repos/asf/cordova-plugin-inappbrowser.git',
15 silly mapToRegistry   spec: 'https://git-wip-us.apache.org/repos/asf/cordova-plugin-inappbrowser.git',
15 silly mapToRegistry   type: 'remote' }
16 silly mapToRegistry uri https://git-wip-us.apache.org/repos/asf/cordova-plugin-inappbrowser.git
17 verbose addRemoteTarball https://git-wip-us.apache.org/repos/asf/cordova-plugin-inappbrowser.git not in flight; adding
18 verbose addRemoteTarball [ 'https://git-wip-us.apache.org/repos/asf/cordova-plugin-inappbrowser.git',
18 verbose addRemoteTarball   null ]
19 info retry fetch attempt 1 at 5:57:13 PM
20 info attempt registry request try #1 at 5:57:13 PM
21 http fetch GET https://git-wip-us.apache.org/repos/asf/cordova-plugin-inappbrowser.git
22 verbose request id 6c31a6471a0212d4
23 http fetch 200 https://git-wip-us.apache.org/repos/asf/cordova-plugin-inappbrowser.git
24 silly fetchAndShaCheck shasum 28aac9e15052ee535354cf8073aaf2a387cc8550
25 verbose addTmpTarball /var/folders/2q/99z1l_4j5nxd8fzbq6w1y7d80000gp/T/npm-18656-c64d1cf0/git-wip-us.apache.org/repos/asf/cordova-plugin-inappbrowser.git not in flight; adding
26 verbose correctMkdir /Users/johnbernad/.npm correctMkdir not in flight; initializing
27 verbose addTmpTarball validating metadata from /var/folders/2q/99z1l_4j5nxd8fzbq6w1y7d80000gp/T/npm-18656-c64d1cf0/git-wip-us.apache.org/repos/asf/cordova-plugin-inappbrowser.git
28 verbose tar unpack /var/folders/2q/99z1l_4j5nxd8fzbq6w1y7d80000gp/T/npm-18656-c64d1cf0/git-wip-us.apache.org/repos/asf/cordova-plugin-inappbrowser.git
29 verbose tar unpacking to /var/folders/2q/99z1l_4j5nxd8fzbq6w1y7d80000gp/T/npm-18656-c64d1cf0/unpack-28570d48
30 silly gentlyRm /var/folders/2q/99z1l_4j5nxd8fzbq6w1y7d80000gp/T/npm-18656-c64d1cf0/unpack-28570d48 is being purged
31 verbose gentlyRm don't care about contents; nuking /var/folders/2q/99z1l_4j5nxd8fzbq6w1y7d80000gp/T/npm-18656-c64d1cf0/unpack-28570d48
32 silly gunzTarPerm modes [ '755', '644' ]
33 error not a package /var/folders/2q/99z1l_4j5nxd8fzbq6w1y7d80000gp/T/npm-18656-c64d1cf0/git-wip-us.apache.org/repos/asf/cordova-plugin-inappbrowser.git
34 silly fetchPackageMetaData Error: ENOENT: no such file or directory, open '/var/folders/2q/99z1l_4j5nxd8fzbq6w1y7d80000gp/T/npm-18656-c64d1cf0/unpack-28570d48/package.json'
34 silly fetchPackageMetaData     at Error (native)
34 silly fetchPackageMetaData  error for https://git-wip-us.apache.org/repos/asf/cordova-plugin-inappbrowser.git { Error: ENOENT: no such file or directory, open '/var/folders/2q/99z1l_4j5nxd8fzbq6w1y7d80000gp/T/npm-18656-c64d1cf0/unpack-28570d48/package.json'
34 silly fetchPackageMetaData     at Error (native)
34 silly fetchPackageMetaData   errno: -2,
34 silly fetchPackageMetaData   code: 'ENOENT',
34 silly fetchPackageMetaData   syscall: 'open',
34 silly fetchPackageMetaData   path: '/var/folders/2q/99z1l_4j5nxd8fzbq6w1y7d80000gp/T/npm-18656-c64d1cf0/unpack-28570d48/package.json' }
35 silly rollbackFailedOptional Starting
36 silly rollbackFailedOptional Finishing
37 silly runTopLevelLifecycles Finishing
38 silly install printInstalled
39 verbose stack Error: ENOENT: no such file or directory, open '/var/folders/2q/99z1l_4j5nxd8fzbq6w1y7d80000gp/T/npm-18656-c64d1cf0/unpack-28570d48/package.json'
39 verbose stack     at Error (native)
40 verbose cwd /Users/johnbernad/Desktop/personalapp
41 error Darwin 16.7.0
42 error argv "/usr/local/bin/node" "/usr/local/bin/npm" "install" "https://git-wip-us.apache.org/repos/asf/cordova-plugin-inappbrowser.git" "--production" "--save"
43 error node v6.10.3
44 error npm  v3.10.10
45 error path /var/folders/2q/99z1l_4j5nxd8fzbq6w1y7d80000gp/T/npm-18656-c64d1cf0/unpack-28570d48/package.json
46 error code ENOENT
47 error errno -2
48 error syscall open
49 error enoent ENOENT: no such file or directory, open '/var/folders/2q/99z1l_4j5nxd8fzbq6w1y7d80000gp/T/npm-18656-c64d1cf0/unpack-28570d48/package.json'
50 error enoent ENOENT: no such file or directory, open '/var/folders/2q/99z1l_4j5nxd8fzbq6w1y7d80000gp/T/npm-18656-c64d1cf0/unpack-28570d48/package.json'
50 error enoent This is most likely not a problem with npm itself
50 error enoent and is related to npm not being able to find a file.
51 verbose exit [ -2, true ]
